<?xml version="1.0" encoding="UTF-8"?>
<testng-results ignored="0" total="1" passed="1" failed="0" skipped="0">
  <reporter-output>
  </reporter-output>
  <suite started-at="2024-12-11T06:23:40 PST" name="Default suite" finished-at="2024-12-11T06:23:44 PST" duration-ms="4467">
    <groups>
    </groups>
    <test started-at="2024-12-11T06:23:40 PST" name="Default test" finished-at="2024-12-11T06:23:44 PST" duration-ms="4467">
      <class name="TestClass.test">
        <test-method signature="test()[pri:0, instance:TestClass.test@5e600dd5]" started-at="2024-12-11T06:23:40 PST" name="test" finished-at="2024-12-11T06:23:44 PST" duration-ms="4421" status="PASS">
          <reporter-output>
          </reporter-output>
        </test-method> <!-- test -->
      </class> <!-- TestClass.test -->
    </test> <!-- Default test -->
  </suite> <!-- Default suite -->
</testng-results>
